0 info it worked if it ends with ok
1 verbose cli [ 'C:\\Program Files\\nodejs\\node.exe',
1 verbose cli   'C:\\Program Files\\nodejs\\node_modules\\npm\\bin\\npm-cli.js',
1 verbose cli   'run',
1 verbose cli   'protractor' ]
2 info using npm@2.5.1
3 info using node@v0.12.0
4 verbose run-script [ 'preprotractor', 'protractor', 'postprotractor' ]
5 info preprotractor MinIONApp@0.0.1
6 info protractor MinIONApp@0.0.1
7 verbose unsafe-perm in lifecycle true
8 info MinIONApp@0.0.1 Failed to exec protractor script
9 verbose stack Error: MinIONApp@0.0.1 protractor: `protractor e2e-tests/protractor.conf.js`
9 verbose stack Exit status 1
9 verbose stack     at EventEmitter.<anonymous> (C:\Program Files\nodejs\node_modules\npm\lib\utils\lifecycle.js:213:16)
9 verbose stack     at EventEmitter.emit (events.js:110:17)
9 verbose stack     at ChildProcess.<anonymous> (C:\Program Files\nodejs\node_modules\npm\lib\utils\spawn.js:14:12)
9 verbose stack     at ChildProcess.emit (events.js:110:17)
9 verbose stack     at maybeClose (child_process.js:1008:16)
9 verbose stack     at Process.ChildProcess._handle.onexit (child_process.js:1080:5)
10 verbose pkgid MinIONApp@0.0.1
11 verbose cwd C:\cygwin\home\Marcin\myApp
12 error Windows_NT 6.1.7601
13 error argv "C:\\Program Files\\nodejs\\node.exe" "C:\\Program Files\\nodejs\\node_modules\\npm\\bin\\npm-cli.js" "run" "protractor"
14 error node v0.12.0
15 error npm  v2.5.1
16 error code ELIFECYCLE
17 error MinIONApp@0.0.1 protractor: `protractor e2e-tests/protractor.conf.js`
17 error Exit status 1
18 error Failed at the MinIONApp@0.0.1 protractor script 'protractor e2e-tests/protractor.conf.js'.
18 error This is most likely a problem with the MinIONApp package,
18 error not with npm itself.
18 error Tell the author that this fails on your system:
18 error     protractor e2e-tests/protractor.conf.js
18 error You can get their info via:
18 error     npm owner ls MinIONApp
18 error There is likely additional logging output above.
19 verbose exit [ 1, true ]
